Using pre-set license
Built from '2020.3/staging' branch; Version is '2020.3.0f1 (c7b5465681fb) revision 13088070'; Using compiler version '192528614'; Build Type 'Release'
OS: 'Windows 10 Home; OS build 19043.1165; Version 2009; 64bit' Language: 'en' Physical Memory: 16250 MB
BatchMode: 1, IsHumanControllingUs: 0, StartBugReporterOnCrash: 0, Is64bit: 1, IsPro: 0

 COMMAND LINE ARGUMENTS:
D:\Programs\Unity\2020.3.0f1\Editor\Unity.exe
-adb2
-batchMode
-noUpm
-name
AssetImportWorker0
-projectPath
D:/Projects/SpeedRunMaster/Speed Run Master
-logFile
Logs/AssetImportWorker0.log
-srvPort
49778
Successfully changed project path to: D:/Projects/SpeedRunMaster/Speed Run Master
D:/Projects/SpeedRunMaster/Speed Run Master
Using Asset Import Pipeline V2.
Refreshing native plugins compatible for Editor in 34.51 ms, found 0 plugins.
Preloading 0 native plugins for Editor in 0.00 ms.
Initialize engine version: 2020.3.0f1 (c7b5465681fb)
[Subsystems] Discovering subsystems at path D:/Programs/Unity/2020.3.0f1/Editor/Data/Resources/UnitySubsystems
[Subsystems] Discovering subsystems at path D:/Projects/SpeedRunMaster/Speed Run Master/Assets
GfxDevice: creating device client; threaded=0
Direct3D:
    Version:  Direct3D 11.0 [level 11.1]
    Renderer: NVIDIA GeForce GTX 1050 Ti (ID=0x1c8c)
    Vendor:   
    VRAM:     4018 MB
    Driver:   30.0.14.7111
Initialize mono
Mono path[0] = 'D:/Programs/Unity/2020.3.0f1/Editor/Data/Managed'
Mono path[1] = 'D:/Programs/Unity/2020.3.0f1/Editor/Data/MonoBleedingEdge/lib/mono/unityjit'
Mono config path = 'D:/Programs/Unity/2020.3.0f1/Editor/Data/MonoBleedingEdge/etc'
Using monoOptions --debugger-agent=transport=dt_socket,embedding=1,server=y,suspend=n,address=127.0.0.1:56236
Begin MonoManager ReloadAssembly
Registering precompiled unity dll's ...
Register platform support module: D:/Programs/Unity/2020.3.0f1/Editor/Data/PlaybackEngines/WebGLSupport/UnityEditor.WebGL.Extensions.dll
Register platform support module: D:/Programs/Unity/2020.3.0f1/Editor/Data/PlaybackEngines/WindowsStandaloneSupport/UnityEditor.WindowsStandalone.Extensions.dll
Registered in 0.001434 seconds.
Native extension for WindowsStandalone target not found
Native extension for WebGL target not found
Refreshing native plugins compatible for Editor in 42.12 ms, found 0 plugins.
Preloading 0 native plugins for Editor in 0.00 ms.
Invoked RoslynAnalysisRunner static constructor.
RoslynAnalysisRunner will not be running.
RoslynAnalysisRunner has terminated.
Mono: successfully reloaded assembly
- Completed reload, in  2.019 seconds
Platform modules already initialized, skipping
Registering precompiled user dll's ...
Registered in 0.000711 seconds.
Begin MonoManager ReloadAssembly
Native extension for WindowsStandalone target not found
Native extension for WebGL target not found
Refreshing native plugins compatible for Editor in 34.18 ms, found 0 plugins.
Preloading 0 native plugins for Editor in 0.00 ms.
Invoked RoslynAnalysisRunner static constructor.
RoslynAnalysisRunner will not be running.
RoslynAnalysisRunner has terminated.
Mono: successfully reloaded assembly
- Completed reload, in  1.220 seconds
Platform modules already initialized, skipping
========================================================================
Worker process is ready to serve import requests
Launched and connected shader compiler UnityShaderCompiler.exe after 0.08 seconds
Refreshing native plugins compatible for Editor in 0.38 ms, found 0 plugins.
Preloading 0 native plugins for Editor in 0.00 ms.
Unloading 1423 Unused Serialized files (Serialized files now loaded: 0)
System memory in use before: 67.8 MB.
System memory in use after: 67.9 MB.

Unloading 12 unused Assets to reduce memory usage. Loaded Objects now: 1868.
Total: 3.920600 ms (FindLiveObjects: 0.302100 ms CreateObjectMapping: 0.103000 ms MarkObjects: 3.380000 ms  DeleteObjects: 0.133600 ms)

========================================================================
Received Import Request.
  path: Assets/Sayantan/Misc
  artifactKey: Guid(f119dee8c571f3c4da15980b9d4108c0) Importer(815301076,1909f56bfc062723c751e8b465ee728b)
Start importing Assets/Sayantan/Misc using Guid(f119dee8c571f3c4da15980b9d4108c0) Importer(815301076,1909f56bfc062723c751e8b465ee728b)  -> (artifact id: '769332c8f6fd9f1e809f6ac2a0c333ce') in 0.011196 seconds
  Import took 0.014545 seconds .

========================================================================
Received Import Request.
  Time since last request: 0.000343 seconds.
  path: Assets/Sayantan/Misc/ConcIndustrial_mask.tga
  artifactKey: Guid(b0b5005797e0b9b4bb25508534d4486e) Importer(815301076,1909f56bfc062723c751e8b465ee728b)
Start importing Assets/Sayantan/Misc/ConcIndustrial_mask.tga using Guid(b0b5005797e0b9b4bb25508534d4486e) Importer(815301076,1909f56bfc062723c751e8b465ee728b)  -> (artifact id: 'bc042970fd433694e3dbcaa46f9230b2') in 0.121441 seconds
  Import took 0.125359 seconds .

========================================================================
Received Import Request.
  Time since last request: 0.000326 seconds.
  path: Assets/Sayantan
  artifactKey: Guid(132198c39c320db4eb94620fb87b38bb) Importer(815301076,1909f56bfc062723c751e8b465ee728b)
Start importing Assets/Sayantan using Guid(132198c39c320db4eb94620fb87b38bb) Importer(815301076,1909f56bfc062723c751e8b465ee728b)  -> (artifact id: '89c65bb071062470f7ce727dd64198b1') in 0.009566 seconds
  Import took 0.012848 seconds .

========================================================================
Received Import Request.
  Time since last request: 0.000237 seconds.
  path: Assets/Sayantan/Misc/Mat_Skybox_Night.mat
  artifactKey: Guid(3f310399ad38ea44b92db74a02fbe1b2) Importer(815301076,1909f56bfc062723c751e8b465ee728b)
Start importing Assets/Sayantan/Misc/Mat_Skybox_Night.mat using Guid(3f310399ad38ea44b92db74a02fbe1b2) Importer(815301076,1909f56bfc062723c751e8b465ee728b)  -> (artifact id: 'd818e0eba37e98644a7c9c1c965d5140') in 0.211428 seconds
  Import took 0.214471 seconds .

========================================================================
Received Import Request.
  Time since last request: 0.000318 seconds.
  path: Assets/Sayantan/Misc/Mat_ConcIndustrial_Standard.mat
  artifactKey: Guid(db098849f518b034eb48528ba09be94e) Importer(815301076,1909f56bfc062723c751e8b465ee728b)
Start importing Assets/Sayantan/Misc/Mat_ConcIndustrial_Standard.mat using Guid(db098849f518b034eb48528ba09be94e) Importer(815301076,1909f56bfc062723c751e8b465ee728b)  -> (artifact id: '5e8e7baf0180adf5904b830bfdb54491') in 0.370763 seconds
  Import took 0.374554 seconds .

========================================================================
Received Import Request.
  Time since last request: 0.000352 seconds.
  path: Assets/Sayantan/Misc/ConcIndustrial_basecolor.tga
  artifactKey: Guid(6ed256ad0777d6d4ba68a9ca5a3a4037) Importer(815301076,1909f56bfc062723c751e8b465ee728b)
Start importing Assets/Sayantan/Misc/ConcIndustrial_basecolor.tga using Guid(6ed256ad0777d6d4ba68a9ca5a3a4037) Importer(815301076,1909f56bfc062723c751e8b465ee728b)  -> (artifact id: 'e8d97f58fc98e6b91fd04e82faf10deb') in 0.015338 seconds
  Import took 0.018490 seconds .

========================================================================
Received Import Request.
  Time since last request: 0.000372 seconds.
  path: Assets/Sayantan/Misc/ConcIndustrial_normal.tga
  artifactKey: Guid(34d0451158d99134d8d574453e6fe9e2) Importer(815301076,1909f56bfc062723c751e8b465ee728b)
Start importing Assets/Sayantan/Misc/ConcIndustrial_normal.tga using Guid(34d0451158d99134d8d574453e6fe9e2) Importer(815301076,1909f56bfc062723c751e8b465ee728b)  -> (artifact id: '63ada3d073ebdb19c5e5e771614dda1c') in 0.024011 seconds
  Import took 0.029690 seconds .

========================================================================
Received Import Request.
  Time since last request: 0.000402 seconds.
  path: Assets/Sayantan/Misc/Mat_Skybox_Day.mat
  artifactKey: Guid(f6fc61f3f8a8e2a469306d29b65d5c40) Importer(815301076,1909f56bfc062723c751e8b465ee728b)
Start importing Assets/Sayantan/Misc/Mat_Skybox_Day.mat using Guid(f6fc61f3f8a8e2a469306d29b65d5c40) Importer(815301076,1909f56bfc062723c751e8b465ee728b)  -> (artifact id: 'f17c2f5fbb425d2cbb2c89d1bed7be00') in 0.016532 seconds
  Import took 0.020387 seconds .

========================================================================
Received Import Request.
  Time since last request: 3.409328 seconds.
  path: Assets/Sayantan/Props
  artifactKey: Guid(a752d53e5fc920b4b8439de7acd44d24) Importer(815301076,1909f56bfc062723c751e8b465ee728b)
Start importing Assets/Sayantan/Props using Guid(a752d53e5fc920b4b8439de7acd44d24) Importer(815301076,1909f56bfc062723c751e8b465ee728b)  -> (artifact id: '33f964a9a818888b6444cc31631966ce') in 0.007065 seconds
  Import took 0.010745 seconds .

========================================================================
Received Import Request.
  Time since last request: 0.747572 seconds.
  path: Assets/Sayantan/Props/Small
  artifactKey: Guid(3c339f1ec032e4b47afbef09cdb83089) Importer(815301076,1909f56bfc062723c751e8b465ee728b)
Start importing Assets/Sayantan/Props/Small using Guid(3c339f1ec032e4b47afbef09cdb83089) Importer(815301076,1909f56bfc062723c751e8b465ee728b)  -> (artifact id: 'c759dcf2c8fe4615710ab145ca438f3f') in 0.009864 seconds
  Import took 0.014659 seconds .

========================================================================
Received Import Request.
  Time since last request: 0.641732 seconds.
  path: Assets/Sayantan/Props/Small/CruiseMissile
  artifactKey: Guid(035f61bb7b11b814cbc991dbd23c9c29) Importer(815301076,1909f56bfc062723c751e8b465ee728b)
Start importing Assets/Sayantan/Props/Small/CruiseMissile using Guid(035f61bb7b11b814cbc991dbd23c9c29) Importer(815301076,1909f56bfc062723c751e8b465ee728b)  -> (artifact id: 'cedc067da2db68439617fe5db71c54c8') in 0.007391 seconds
  Import took 0.011389 seconds .

========================================================================
Received Import Request.
  Time since last request: 2.464399 seconds.
  path: Assets/Sayantan/Props/Small/CruiseMissile/Materials
  artifactKey: Guid(21aff84690b80294b9190f010c817f49) Importer(815301076,1909f56bfc062723c751e8b465ee728b)
Start importing Assets/Sayantan/Props/Small/CruiseMissile/Materials using Guid(21aff84690b80294b9190f010c817f49) Importer(815301076,1909f56bfc062723c751e8b465ee728b)  -> (artifact id: 'f62ccd2b6f367995e17c7ad5af5726d0') in 0.010290 seconds
  Import took 0.014391 seconds .

========================================================================
Received Import Request.
  Time since last request: 0.066940 seconds.
  path: Assets/Sayantan/Props/Small/CruiseMissile/Materials/Mat_Missile.mat
  artifactKey: Guid(e494807fe98891c4dba63bd86cc64aea) Importer(815301076,1909f56bfc062723c751e8b465ee728b)
Start importing Assets/Sayantan/Props/Small/CruiseMissile/Materials/Mat_Missile.mat using Guid(e494807fe98891c4dba63bd86cc64aea) Importer(815301076,1909f56bfc062723c751e8b465ee728b)  -> (artifact id: '477806dd5ba640506c179e11887c82e0') in 0.027363 seconds
  Import took 0.031342 seconds .

========================================================================
Received Import Request.
  Time since last request: 0.000460 seconds.
  path: Assets/Sayantan/Props/Small/CruiseMissile/Materials/Mat_MissileOld.mat
  artifactKey: Guid(e31d0aedc9dd8b04d93100e9b77830cb) Importer(815301076,1909f56bfc062723c751e8b465ee728b)
Start importing Assets/Sayantan/Props/Small/CruiseMissile/Materials/Mat_MissileOld.mat using Guid(e31d0aedc9dd8b04d93100e9b77830cb) Importer(815301076,1909f56bfc062723c751e8b465ee728b)  -> (artifact id: 'ae8b165b4fe5a7909e2af6ef70c2b378') in 0.038129 seconds
  Import took 0.044303 seconds .

========================================================================
Received Import Request.
  Time since last request: 2.646517 seconds.
  path: Assets/Sayantan/Props/Small/CruiseMissile/Prefabs
  artifactKey: Guid(8c1010ff6c2297d45b8ccfe83ad3e4f1) Importer(815301076,1909f56bfc062723c751e8b465ee728b)
Start importing Assets/Sayantan/Props/Small/CruiseMissile/Prefabs using Guid(8c1010ff6c2297d45b8ccfe83ad3e4f1) Importer(815301076,1909f56bfc062723c751e8b465ee728b)  -> (artifact id: 'da3ef22f6b6b2506f6b9d0fad683fcb2') in 0.006845 seconds
  Import took 0.009843 seconds .

========================================================================
Received Import Request.
  Time since last request: 0.060328 seconds.
  path: Assets/Sayantan/Props/Small/CruiseMissile/Prefabs/PfCruiseMissile.prefab
  artifactKey: Guid(9085da0555bc234438b1ba4a3a7065d4) Importer(815301076,1909f56bfc062723c751e8b465ee728b)
Start importing Assets/Sayantan/Props/Small/CruiseMissile/Prefabs/PfCruiseMissile.prefab using Guid(9085da0555bc234438b1ba4a3a7065d4) Importer(815301076,1909f56bfc062723c751e8b465ee728b)  -> (artifact id: '7134a305658e418890ad32c0f1005669') in 0.060292 seconds
  Import took 0.065797 seconds .

========================================================================
Received Import Request.
  Time since last request: 0.000392 seconds.
  path: Assets/Sayantan/Props/Small/CruiseMissile/Prefabs/PfCruiseMissileOld.prefab
  artifactKey: Guid(3181a48d12a70cb409b2c719233799ab) Importer(815301076,1909f56bfc062723c751e8b465ee728b)
Start importing Assets/Sayantan/Props/Small/CruiseMissile/Prefabs/PfCruiseMissileOld.prefab using Guid(3181a48d12a70cb409b2c719233799ab) Importer(815301076,1909f56bfc062723c751e8b465ee728b)  -> (artifact id: 'c2d2381e71758af524ecea46271a7f8d') in 0.030592 seconds
  Import took 0.037205 seconds .

========================================================================
Received Import Request.
  Time since last request: 14.989921 seconds.
  path: Assets/_Game/Prefabs/CameraRig.prefab
  artifactKey: Guid(99cc04233f467094289a03f2ba5ee121) Importer(815301076,1909f56bfc062723c751e8b465ee728b)
Start importing Assets/_Game/Prefabs/CameraRig.prefab using Guid(99cc04233f467094289a03f2ba5ee121) Importer(815301076,1909f56bfc062723c751e8b465ee728b)  -> (artifact id: '3df0a57feca7796fe4c4758cd7c8d64b') in 0.011806 seconds
  Import took 0.014817 seconds .

========================================================================
Received Import Request.
  Time since last request: 0.000363 seconds.
  path: Assets/_Game/Prefabs/DestructibleTest.prefab
  artifactKey: Guid(a5c64f63d34c72849bc3ae769ec9ebc5) Importer(815301076,1909f56bfc062723c751e8b465ee728b)
Start importing Assets/_Game/Prefabs/DestructibleTest.prefab using Guid(a5c64f63d34c72849bc3ae769ec9ebc5) Importer(815301076,1909f56bfc062723c751e8b465ee728b)  -> (artifact id: '822eb72c5fcd07049e972aa777f1c3d6') in 0.013494 seconds
  Import took 0.016126 seconds .

========================================================================
Received Import Request.
  Time since last request: 10.955751 seconds.
  path: Assets/_Game/Prefabs/Missile.prefab
  artifactKey: Guid(9085da0555bc234438b1ba4a3a7065d4) Importer(815301076,1909f56bfc062723c751e8b465ee728b)
Start importing Assets/_Game/Prefabs/Missile.prefab using Guid(9085da0555bc234438b1ba4a3a7065d4) Importer(815301076,1909f56bfc062723c751e8b465ee728b)  -> (artifact id: 'e499cc0327d2b5d0a984315831991f8b') in 0.040010 seconds
  Import took 0.044457 seconds .

========================================================================
Received Import Request.
  Time since last request: 77.649720 seconds.
  path: Assets/_Game/Prefabs/Missile.prefab
  artifactKey: Guid(9085da0555bc234438b1ba4a3a7065d4) Importer(815301076,1909f56bfc062723c751e8b465ee728b)
Start importing Assets/_Game/Prefabs/Missile.prefab using Guid(9085da0555bc234438b1ba4a3a7065d4) Importer(815301076,1909f56bfc062723c751e8b465ee728b)  -> (artifact id: 'fb739492002a228873ad33d33991dd91') in 0.007931 seconds
  Import took 0.012620 seconds .

========================================================================
Received Import Request.
  Time since last request: 2.391627 seconds.
  path: Assets/_Game/Prefabs/Missile.prefab
  artifactKey: Guid(9085da0555bc234438b1ba4a3a7065d4) Importer(815301076,1909f56bfc062723c751e8b465ee728b)
Start importing Assets/_Game/Prefabs/Missile.prefab using Guid(9085da0555bc234438b1ba4a3a7065d4) Importer(815301076,1909f56bfc062723c751e8b465ee728b)  -> (artifact id: 'ee83e65dd2f12bf154bde6c391670c19') in 0.030271 seconds
  Import took 0.034157 seconds .

========================================================================
Received Import Request.
  Time since last request: 11.518494 seconds.
  path: Assets/_Game/Prefabs/Missile.prefab
  artifactKey: Guid(9085da0555bc234438b1ba4a3a7065d4) Importer(815301076,1909f56bfc062723c751e8b465ee728b)
Start importing Assets/_Game/Prefabs/Missile.prefab using Guid(9085da0555bc234438b1ba4a3a7065d4) Importer(815301076,1909f56bfc062723c751e8b465ee728b)  -> (artifact id: '48f303f4c473834b05f21a3d362bea9a') in 0.028695 seconds
  Import took 0.034707 seconds .

========================================================================
Received Import Request.
  Time since last request: 2.582914 seconds.
  path: Assets/_Game/Prefabs/Missile.prefab
  artifactKey: Guid(9085da0555bc234438b1ba4a3a7065d4) Importer(815301076,1909f56bfc062723c751e8b465ee728b)
Start importing Assets/_Game/Prefabs/Missile.prefab using Guid(9085da0555bc234438b1ba4a3a7065d4) Importer(815301076,1909f56bfc062723c751e8b465ee728b)  -> (artifact id: '726d9511db1072831d8e8d8705e9faa2') in 0.026036 seconds
  Import took 0.030282 seconds .

========================================================================
Received Import Request.
  Time since last request: 22.600802 seconds.
  path: Assets/_Game/Prefabs/Missile.prefab
  artifactKey: Guid(9085da0555bc234438b1ba4a3a7065d4) Importer(815301076,1909f56bfc062723c751e8b465ee728b)
Start importing Assets/_Game/Prefabs/Missile.prefab using Guid(9085da0555bc234438b1ba4a3a7065d4) Importer(815301076,1909f56bfc062723c751e8b465ee728b)  -> (artifact id: 'a598a702368d6e29dab8805c1306fe79') in 0.028771 seconds
  Import took 0.036020 seconds .

========================================================================
Received Import Request.
  Time since last request: 14.471256 seconds.
  path: Assets/_Game/Prefabs/Missile.prefab
  artifactKey: Guid(9085da0555bc234438b1ba4a3a7065d4) Importer(815301076,1909f56bfc062723c751e8b465ee728b)
Start importing Assets/_Game/Prefabs/Missile.prefab using Guid(9085da0555bc234438b1ba4a3a7065d4) Importer(815301076,1909f56bfc062723c751e8b465ee728b)  -> (artifact id: 'f1eba97d97e3bd1635808306b0944985') in 0.029858 seconds
  Import took 0.033564 seconds .

========================================================================
Received Import Request.
  Time since last request: 6.462348 seconds.
  path: Assets/_Game/Prefabs/Missile.prefab
  artifactKey: Guid(9085da0555bc234438b1ba4a3a7065d4) Importer(815301076,1909f56bfc062723c751e8b465ee728b)
Start importing Assets/_Game/Prefabs/Missile.prefab using Guid(9085da0555bc234438b1ba4a3a7065d4) Importer(815301076,1909f56bfc062723c751e8b465ee728b)  -> (artifact id: '41396b96bbedea10a5ac84af89d8e4f9') in 0.032074 seconds
  Import took 0.036894 seconds .

========================================================================
Received Import Request.
  Time since last request: 7.256259 seconds.
  path: Assets/_Game/Prefabs/Missile.prefab
  artifactKey: Guid(9085da0555bc234438b1ba4a3a7065d4) Importer(815301076,1909f56bfc062723c751e8b465ee728b)
Start importing Assets/_Game/Prefabs/Missile.prefab using Guid(9085da0555bc234438b1ba4a3a7065d4) Importer(815301076,1909f56bfc062723c751e8b465ee728b)  -> (artifact id: '36057c608e789b906154a4ea44f0ec8d') in 0.025202 seconds
  Import took 0.028961 seconds .

========================================================================
Received Import Request.
  Time since last request: 2.388448 seconds.
  path: Assets/_Game/Prefabs/Missile.prefab
  artifactKey: Guid(9085da0555bc234438b1ba4a3a7065d4) Importer(815301076,1909f56bfc062723c751e8b465ee728b)
Start importing Assets/_Game/Prefabs/Missile.prefab using Guid(9085da0555bc234438b1ba4a3a7065d4) Importer(815301076,1909f56bfc062723c751e8b465ee728b)  -> (artifact id: 'd1e173da673a8a0e38431d35d0c7b2c9') in 0.028889 seconds
  Import took 0.033747 seconds .

========================================================================
Received Import Request.
  Time since last request: 3.670457 seconds.
  path: Assets/_Game/Prefabs/Missile.prefab
  artifactKey: Guid(9085da0555bc234438b1ba4a3a7065d4) Importer(815301076,1909f56bfc062723c751e8b465ee728b)
Start importing Assets/_Game/Prefabs/Missile.prefab using Guid(9085da0555bc234438b1ba4a3a7065d4) Importer(815301076,1909f56bfc062723c751e8b465ee728b)  -> (artifact id: '2fdde3f7febc165527e1c1c493415c68') in 0.027082 seconds
  Import took 0.031381 seconds .

========================================================================
Received Import Request.
  Time since last request: 54.042303 seconds.
  path: Assets/_Game/Scrpits/Pickups
  artifactKey: Guid(cbdf0aff2035d7147a6305f4b0b17141) Importer(815301076,1909f56bfc062723c751e8b465ee728b)
Start importing Assets/_Game/Scrpits/Pickups using Guid(cbdf0aff2035d7147a6305f4b0b17141) Importer(815301076,1909f56bfc062723c751e8b465ee728b)  -> (artifact id: '25888f0a9055217f99cfbd43ed941ac5') in 0.007704 seconds
  Import took 0.011129 seconds .

========================================================================
Received Import Request.
  Time since last request: 3.586691 seconds.
  path: Assets/_Game/Scrpits/Race/Pickup.cs
  artifactKey: Guid(1ef98fa47ab85b84cb6de778a5d6a3c4) Importer(815301076,1909f56bfc062723c751e8b465ee728b)
Start importing Assets/_Game/Scrpits/Race/Pickup.cs using Guid(1ef98fa47ab85b84cb6de778a5d6a3c4) Importer(815301076,1909f56bfc062723c751e8b465ee728b)  -> (artifact id: '34a964e6a65df4ea57356c3bade8b112') in 0.011321 seconds
  Import took 0.014763 seconds .

========================================================================
Received Import Request.
  Time since last request: 2.309115 seconds.
  path: Assets/_Game/Scrpits/Race/Pickup_Shield.cs
  artifactKey: Guid(b5973bc4537b4234bb8f77283c4bfbfd) Importer(815301076,1909f56bfc062723c751e8b465ee728b)
Start importing Assets/_Game/Scrpits/Race/Pickup_Shield.cs using Guid(b5973bc4537b4234bb8f77283c4bfbfd) Importer(815301076,1909f56bfc062723c751e8b465ee728b)  -> (artifact id: '4d6841dc703b656b6a85f110ba48e5d6') in 0.006224 seconds
  Import took 0.009308 seconds .

========================================================================
Received Import Request.
  Time since last request: 0.000770 seconds.
  path: Assets/_Game/Scrpits/Race/Pickup_Shield.cs
  artifactKey: Guid(b5973bc4537b4234bb8f77283c4bfbfd) Importer(815301076,1909f56bfc062723c751e8b465ee728b)
Start importing Assets/_Game/Scrpits/Race/Pickup_Shield.cs using Guid(b5973bc4537b4234bb8f77283c4bfbfd) Importer(815301076,1909f56bfc062723c751e8b465ee728b)  -> (artifact id: '4d6841dc703b656b6a85f110ba48e5d6') in 0.002210 seconds
  Import took 0.005932 seconds .

========================================================================
Received Prepare
Registering precompiled user dll's ...
Registered in 0.001031 seconds.
Begin MonoManager ReloadAssembly
Native extension for WindowsStandalone target not found
Native extension for WebGL target not found
Refreshing native plugins compatible for Editor in 0.51 ms, found 0 plugins.
Preloading 0 native plugins for Editor in 0.00 ms.
Invoked RoslynAnalysisRunner static constructor.
RoslynAnalysisRunner will not be running.
RoslynAnalysisRunner has terminated.
Mono: successfully reloaded assembly
- Completed reload, in  1.030 seconds
Platform modules already initialized, skipping
Refreshing native plugins compatible for Editor in 0.36 ms, found 0 plugins.
Preloading 0 native plugins for Editor in 0.00 ms.
Unloading 1418 Unused Serialized files (Serialized files now loaded: 0)
System memory in use before: 71.4 MB.
System memory in use after: 71.5 MB.

Unloading 5 unused Assets to reduce memory usage. Loaded Objects now: 1915.
Total: 2.141000 ms (FindLiveObjects: 0.205600 ms CreateObjectMapping: 0.059600 ms MarkObjects: 1.786500 ms  DeleteObjects: 0.087400 ms)

========================================================================
Received Import Request.
  Time since last request: 16.886215 seconds.
  path: Assets/_Game/Scrpits/Pickups/Missile.cs
  artifactKey: Guid(d6899932802b69e42826686b5bc48e6f) Importer(815301076,1909f56bfc062723c751e8b465ee728b)
Start importing Assets/_Game/Scrpits/Pickups/Missile.cs using Guid(d6899932802b69e42826686b5bc48e6f) Importer(815301076,1909f56bfc062723c751e8b465ee728b)  -> (artifact id: '37bece049acc2b9052aa6644328d9d98') in 0.005327 seconds
  Import took 0.010070 seconds .

========================================================================
Received Prepare
Registering precompiled user dll's ...
Registered in 0.001474 seconds.
Begin MonoManager ReloadAssembly
Native extension for WindowsStandalone target not found
Native extension for WebGL target not found
Refreshing native plugins compatible for Editor in 0.34 ms, found 0 plugins.
Preloading 0 native plugins for Editor in 0.00 ms.
Invoked RoslynAnalysisRunner static constructor.
RoslynAnalysisRunner will not be running.
RoslynAnalysisRunner has terminated.
Mono: successfully reloaded assembly
- Completed reload, in  1.103 seconds
Platform modules already initialized, skipping
Refreshing native plugins compatible for Editor in 0.41 ms, found 0 plugins.
Preloading 0 native plugins for Editor in 0.00 ms.
Unloading 1419 Unused Serialized files (Serialized files now loaded: 0)
System memory in use before: 71.4 MB.
System memory in use after: 71.5 MB.

Unloading 5 unused Assets to reduce memory usage. Loaded Objects now: 1919.
Total: 2.225500 ms (FindLiveObjects: 0.187500 ms CreateObjectMapping: 0.046900 ms MarkObjects: 1.899100 ms  DeleteObjects: 0.090900 ms)

========================================================================
Received Prepare
Registering precompiled user dll's ...
Registered in 0.000755 seconds.
Begin MonoManager ReloadAssembly
Native extension for WindowsStandalone target not found
Native extension for WebGL target not found
Refreshing native plugins compatible for Editor in 0.25 ms, found 0 plugins.
Preloading 0 native plugins for Editor in 0.00 ms.
Invoked RoslynAnalysisRunner static constructor.
RoslynAnalysisRunner will not be running.
RoslynAnalysisRunner has terminated.
Mono: successfully reloaded assembly
- Completed reload, in  1.033 seconds
Platform modules already initialized, skipping
Refreshing native plugins compatible for Editor in 0.30 ms, found 0 plugins.
Preloading 0 native plugins for Editor in 0.00 ms.
Unloading 1418 Unused Serialized files (Serialized files now loaded: 0)
System memory in use before: 71.4 MB.
System memory in use after: 71.5 MB.

Unloading 6 unused Assets to reduce memory usage. Loaded Objects now: 1921.
Total: 2.068300 ms (FindLiveObjects: 0.214400 ms CreateObjectMapping: 0.061500 ms MarkObjects: 1.708100 ms  DeleteObjects: 0.083300 ms)

========================================================================
Received Import Request.
  Time since last request: 21.816181 seconds.
  path: Assets/_Game/Scrpits/Pickups/MissileLogic.cs
  artifactKey: Guid(7f78d8ef24870c64193c6ab847f3e84a) Importer(815301076,1909f56bfc062723c751e8b465ee728b)
Start importing Assets/_Game/Scrpits/Pickups/MissileLogic.cs using Guid(7f78d8ef24870c64193c6ab847f3e84a) Importer(815301076,1909f56bfc062723c751e8b465ee728b)  -> (artifact id: '0e2a1a5851fb29c16e9e9ae4fac29fa7') in 0.011287 seconds
  Import took 0.016196 seconds .

========================================================================
Received Prepare
Registering precompiled user dll's ...
Registered in 0.000752 seconds.
Begin MonoManager ReloadAssembly
Native extension for WindowsStandalone target not found
Native extension for WebGL target not found
Refreshing native plugins compatible for Editor in 0.32 ms, found 0 plugins.
Preloading 0 native plugins for Editor in 0.00 ms.
Invoked RoslynAnalysisRunner static constructor.
RoslynAnalysisRunner will not be running.
RoslynAnalysisRunner has terminated.
Mono: successfully reloaded assembly
- Completed reload, in  1.088 seconds
Platform modules already initialized, skipping
Refreshing native plugins compatible for Editor in 0.26 ms, found 0 plugins.
Preloading 0 native plugins for Editor in 0.00 ms.
Unloading 1419 Unused Serialized files (Serialized files now loaded: 0)
System memory in use before: 71.5 MB.
System memory in use after: 71.6 MB.

Unloading 5 unused Assets to reduce memory usage. Loaded Objects now: 1925.
Total: 2.533500 ms (FindLiveObjects: 0.180300 ms CreateObjectMapping: 0.044300 ms MarkObjects: 2.224300 ms  DeleteObjects: 0.083400 ms)

========================================================================
Received Prepare
Registering precompiled user dll's ...
Registered in 0.001219 seconds.
Begin MonoManager ReloadAssembly
Native extension for WindowsStandalone target not found
Native extension for WebGL target not found
Refreshing native plugins compatible for Editor in 0.33 ms, found 0 plugins.
Preloading 0 native plugins for Editor in 0.00 ms.
Invoked RoslynAnalysisRunner static constructor.
RoslynAnalysisRunner will not be running.
RoslynAnalysisRunner has terminated.
Mono: successfully reloaded assembly
- Completed reload, in  1.030 seconds
Platform modules already initialized, skipping
Refreshing native plugins compatible for Editor in 0.30 ms, found 0 plugins.
Preloading 0 native plugins for Editor in 0.00 ms.
Unloading 1419 Unused Serialized files (Serialized files now loaded: 0)
System memory in use before: 71.5 MB.
System memory in use after: 71.6 MB.

Unloading 5 unused Assets to reduce memory usage. Loaded Objects now: 1928.
Total: 2.390600 ms (FindLiveObjects: 0.302000 ms CreateObjectMapping: 0.129400 ms MarkObjects: 1.895400 ms  DeleteObjects: 0.062200 ms)

========================================================================
Received Import Request.
  Time since last request: 824.868941 seconds.
  path: Assets/_Game/Scrpits/Pickups/Pickup_MissileLauncher.cs
  artifactKey: Guid(130ef75e065ee054d9cc7229b89587ab) Importer(815301076,1909f56bfc062723c751e8b465ee728b)
Start importing Assets/_Game/Scrpits/Pickups/Pickup_MissileLauncher.cs using Guid(130ef75e065ee054d9cc7229b89587ab) Importer(815301076,1909f56bfc062723c751e8b465ee728b)  -> (artifact id: '8f50627c8193283597ca324e378a2093') in 0.009503 seconds
  Import took 0.012827 seconds .

========================================================================
Received Import Request.
  Time since last request: 0.000284 seconds.
  path: Assets/_Game/Scrpits/Pickups/MissileLogic.cs
  artifactKey: Guid(7f78d8ef24870c64193c6ab847f3e84a) Importer(815301076,1909f56bfc062723c751e8b465ee728b)
Start importing Assets/_Game/Scrpits/Pickups/MissileLogic.cs using Guid(7f78d8ef24870c64193c6ab847f3e84a) Importer(815301076,1909f56bfc062723c751e8b465ee728b)  -> (artifact id: 'bb32ea2073e50a35745d469424dfb757') in 0.002997 seconds
  Import took 0.005915 seconds .

========================================================================
Received Prepare
Registering precompiled user dll's ...
Registered in 0.000667 seconds.
Begin MonoManager ReloadAssembly
Native extension for WindowsStandalone target not found
Native extension for WebGL target not found
Refreshing native plugins compatible for Editor in 0.34 ms, found 0 plugins.
Preloading 0 native plugins for Editor in 0.00 ms.
Invoked RoslynAnalysisRunner static constructor.
RoslynAnalysisRunner will not be running.
RoslynAnalysisRunner has terminated.
Mono: successfully reloaded assembly
- Completed reload, in  1.021 seconds
Platform modules already initialized, skipping
Refreshing native plugins compatible for Editor in 0.26 ms, found 0 plugins.
Preloading 0 native plugins for Editor in 0.00 ms.
Unloading 1419 Unused Serialized files (Serialized files now loaded: 0)
System memory in use before: 71.6 MB.
System memory in use after: 71.6 MB.

Unloading 5 unused Assets to reduce memory usage. Loaded Objects now: 1931.
Total: 2.350700 ms (FindLiveObjects: 0.358700 ms CreateObjectMapping: 0.048700 ms MarkObjects: 1.845200 ms  DeleteObjects: 0.097000 ms)

========================================================================
Received Import Request.
  Time since last request: 90.012579 seconds.
  path: Assets/_Game/Scrpits/Pickups/Pickup_MissileLauncher.cs
  artifactKey: Guid(130ef75e065ee054d9cc7229b89587ab) Importer(815301076,1909f56bfc062723c751e8b465ee728b)
Start importing Assets/_Game/Scrpits/Pickups/Pickup_MissileLauncher.cs using Guid(130ef75e065ee054d9cc7229b89587ab) Importer(815301076,1909f56bfc062723c751e8b465ee728b)  -> (artifact id: '0b11cefc5ff02289ad03779cac6c7654') in 0.004091 seconds
  Import took 0.006878 seconds .

========================================================================
Received Prepare
Registering precompiled user dll's ...
Registered in 0.000688 seconds.
Begin MonoManager ReloadAssembly
Native extension for WindowsStandalone target not found
Native extension for WebGL target not found
Refreshing native plugins compatible for Editor in 0.26 ms, found 0 plugins.
Preloading 0 native plugins for Editor in 0.00 ms.
Invoked RoslynAnalysisRunner static constructor.
RoslynAnalysisRunner will not be running.
RoslynAnalysisRunner has terminated.
Mono: successfully reloaded assembly
- Completed reload, in  1.048 seconds
Platform modules already initialized, skipping
Refreshing native plugins compatible for Editor in 0.35 ms, found 0 plugins.
Preloading 0 native plugins for Editor in 0.00 ms.
Unloading 1419 Unused Serialized files (Serialized files now loaded: 0)
System memory in use before: 71.6 MB.
System memory in use after: 71.7 MB.

Unloading 5 unused Assets to reduce memory usage. Loaded Objects now: 1934.
Total: 1.998100 ms (FindLiveObjects: 0.193900 ms CreateObjectMapping: 0.059600 ms MarkObjects: 1.623900 ms  DeleteObjects: 0.118400 ms)

AssetImportWorkerClient::OnTransportError - code=2 error=End of file
